\BOOKMARK [1][-]{section*.1}{\376\377\000R\000e\000m\000e\000r\000c\000i\000e\000m\000e\000n\000t\000s}{}% 1
\BOOKMARK [1][-]{section*.3}{\376\377\000T\000a\000b\000l\000e\000\040\000d\000e\000s\000\040\000m\000a\000t\000i\000\350\000r\000e\000s}{}% 2
\BOOKMARK [0][-]{section*.5}{\376\377\000I\000n\000t\000r\000o\000d\000u\000c\000t\000i\000o\000n\000\040\000g\000\351\000n\000\351\000r\000a\000l\000e}{}% 3
\BOOKMARK [0][-]{chapter.1}{\376\377\000T\000i\000t\000r\000e\000\040\0001}{}% 4
\BOOKMARK [1][-]{section.1.1}{\376\377\000E\000x\000e\000m\000p\000l\000e\000s}{chapter.1}% 5
\BOOKMARK [2][-]{subsection.1.1.1}{\376\377\000R\000\351\000f\000\351\000r\000e\000n\000c\000e\000s}{section.1.1}% 6
\BOOKMARK [2][-]{subsection.1.1.2}{\376\377\000F\000i\000g\000u\000r\000e\000s}{section.1.1}% 7
\BOOKMARK [2][-]{subsection.1.1.3}{\376\377\000T\000a\000b\000l\000e\000a\000u\000x}{section.1.1}% 8
\BOOKMARK [1][-]{section.1.2}{\376\377\000S\000e\000c\000t\000i\000o\000n\000\040\0002}{chapter.1}% 9
\BOOKMARK [2][-]{subsection.1.2.1}{\376\377\000S\000o\000u\000s\000-\000s\000e\000c\000t\000i\000o\000n\000\040\0001}{section.1.2}% 10
\BOOKMARK [2][-]{subsection.1.2.2}{\376\377\000S\000o\000u\000s\000-\000s\000e\000c\000t\000i\000o\000n\000\040\0002}{section.1.2}% 11
\BOOKMARK [0][-]{chapter.2}{\376\377\000T\000i\000t\000r\000e\000\040\0002}{}% 12
\BOOKMARK [1][-]{section.2.1}{\376\377\000S\000e\000c\000t\000i\000o\000n\000\040\0001}{chapter.2}% 13
\BOOKMARK [2][-]{subsection.2.1.1}{\376\377\000S\000o\000u\000s\000-\000s\000e\000c\000t\000i\000o\000n\000\040\0001}{section.2.1}% 14
\BOOKMARK [2][-]{subsection.2.1.2}{\376\377\000S\000o\000u\000s\000-\000s\000e\000c\000t\000i\000o\000n\000\040\0002}{section.2.1}% 15
\BOOKMARK [1][-]{section.2.2}{\376\377\000S\000e\000c\000t\000i\000o\000n\000\040\0002}{chapter.2}% 16
\BOOKMARK [2][-]{subsection.2.2.1}{\376\377\000S\000o\000u\000s\000-\000s\000e\000c\000t\000i\000o\000n\000\040\0001}{section.2.2}% 17
\BOOKMARK [2][-]{subsection.2.2.2}{\376\377\000S\000o\000u\000s\000-\000s\000e\000c\000t\000i\000o\000n\000\040\0002}{section.2.2}% 18
\BOOKMARK [0][-]{chapter.3}{\376\377\000T\000i\000t\000r\000e\000\040\0003}{}% 19
\BOOKMARK [1][-]{section.3.1}{\376\377\000S\000e\000c\000t\000i\000o\000n\000\040\0001}{chapter.3}% 20
\BOOKMARK [2][-]{subsection.3.1.1}{\376\377\000S\000o\000u\000s\000-\000s\000e\000c\000t\000i\000o\000n\000\040\0001}{section.3.1}% 21
\BOOKMARK [2][-]{subsection.3.1.2}{\376\377\000S\000o\000u\000s\000-\000s\000e\000c\000t\000i\000o\000n\000\040\0002}{section.3.1}% 22
\BOOKMARK [1][-]{section.3.2}{\376\377\000S\000e\000c\000t\000i\000o\000n\000\040\0002}{chapter.3}% 23
\BOOKMARK [2][-]{subsection.3.2.1}{\376\377\000S\000o\000u\000s\000-\000s\000e\000c\000t\000i\000o\000n\000\040\0001}{section.3.2}% 24
\BOOKMARK [2][-]{subsection.3.2.2}{\376\377\000S\000o\000u\000s\000-\000s\000e\000c\000t\000i\000o\000n\000\040\0002}{section.3.2}% 25
\BOOKMARK [0][-]{chapter.4}{\376\377\000T\000i\000t\000r\000e\000\040\0004}{}% 26
\BOOKMARK [1][-]{section.4.1}{\376\377\000S\000e\000c\000t\000i\000o\000n\000\040\0001}{chapter.4}% 27
\BOOKMARK [2][-]{subsection.4.1.1}{\376\377\000S\000o\000u\000s\000-\000s\000e\000c\000t\000i\000o\000n\000\040\0001}{section.4.1}% 28
\BOOKMARK [2][-]{subsection.4.1.2}{\376\377\000S\000o\000u\000s\000-\000s\000e\000c\000t\000i\000o\000n\000\040\0002}{section.4.1}% 29
\BOOKMARK [1][-]{section.4.2}{\376\377\000S\000e\000c\000t\000i\000o\000n\000\040\0002}{chapter.4}% 30
\BOOKMARK [2][-]{subsection.4.2.1}{\376\377\000S\000o\000u\000s\000-\000s\000e\000c\000t\000i\000o\000n\000\040\0001}{section.4.2}% 31
\BOOKMARK [2][-]{subsection.4.2.2}{\376\377\000S\000o\000u\000s\000-\000s\000e\000c\000t\000i\000o\000n\000\040\0002}{section.4.2}% 32
\BOOKMARK [0][-]{chapter.5}{\376\377\000T\000i\000t\000r\000e\000\040\0005}{}% 33
\BOOKMARK [1][-]{section.5.1}{\376\377\000S\000e\000c\000t\000i\000o\000n\000\040\0001}{chapter.5}% 34
\BOOKMARK [2][-]{subsection.5.1.1}{\376\377\000S\000o\000u\000s\000-\000s\000e\000c\000t\000i\000o\000n\000\040\0001}{section.5.1}% 35
\BOOKMARK [2][-]{subsection.5.1.2}{\376\377\000S\000o\000u\000s\000-\000s\000e\000c\000t\000i\000o\000n\000\040\0002}{section.5.1}% 36
\BOOKMARK [1][-]{section.5.2}{\376\377\000S\000e\000c\000t\000i\000o\000n\000\040\0002}{chapter.5}% 37
\BOOKMARK [2][-]{subsection.5.2.1}{\376\377\000S\000o\000u\000s\000-\000s\000e\000c\000t\000i\000o\000n\000\040\0001}{section.5.2}% 38
\BOOKMARK [2][-]{subsection.5.2.2}{\376\377\000S\000o\000u\000s\000-\000s\000e\000c\000t\000i\000o\000n\000\040\0002}{section.5.2}% 39
\BOOKMARK [0][-]{section*.10}{\376\377\000C\000o\000n\000c\000l\000u\000s\000i\000o\000n\000\040\000g\000\351\000n\000\351\000r\000a\000l\000e}{}% 40
\BOOKMARK [0][-]{section*.12}{\376\377\000B\000i\000b\000l\000i\000o\000g\000r\000a\000p\000h\000i\000e}{}% 41
\BOOKMARK [0][-]{section*.14}{\376\377\000T\000a\000b\000l\000e\000\040\000d\000e\000s\000\040\000f\000i\000g\000u\000r\000e\000s}{}% 42
\BOOKMARK [0][-]{section*.16}{\376\377\000L\000i\000s\000t\000e\000\040\000d\000e\000s\000\040\000t\000a\000b\000l\000e\000a\000u\000x}{}% 43
\BOOKMARK [0][-]{appendix.A}{\376\377\000A\000n\000n\000e\000x\000e\000\040\0001\000\040\000:\000\040\000T\000i\000t\000r\000e}{}% 44
\BOOKMARK [1][-]{section.A.1}{\376\377\000S\000e\000c\000t\000i\000o\000n\000\040\0001}{appendix.A}% 45
\BOOKMARK [2][-]{subsection.A.1.1}{\376\377\000S\000o\000u\000s\000\040\000s\000e\000c\000t\000i\000o\000n\000\040\0001}{section.A.1}% 46
\BOOKMARK [2][-]{subsection.A.1.2}{\376\377\000S\000o\000u\000s\000\040\000s\000e\000c\000t\000i\000o\000n\000\040\0002}{section.A.1}% 47
\BOOKMARK [0][-]{appendix.B}{\376\377\000A\000n\000n\000e\000x\000e\000\040\0002\000\040\000:\000\040\000T\000i\000t\000r\000e}{}% 48
\BOOKMARK [1][-]{section.B.1}{\376\377\000S\000e\000c\000t\000i\000o\000n\000\040\0001}{appendix.B}% 49
\BOOKMARK [2][-]{subsection.B.1.1}{\376\377\000S\000o\000u\000s\000\040\000s\000e\000c\000t\000i\000o\000n\000\040\0001}{section.B.1}% 50
\BOOKMARK [2][-]{subsection.B.1.2}{\376\377\000S\000o\000u\000s\000\040\000s\000e\000c\000t\000i\000o\000n\000\040\0002}{section.B.1}% 51
\BOOKMARK [0][-]{appendix.C}{\376\377\000A\000n\000n\000e\000x\000e\000\040\0003\000\040\000:\000\040\000T\000i\000t\000r\000e}{}% 52
\BOOKMARK [1][-]{section.C.1}{\376\377\000S\000e\000c\000t\000i\000o\000n\000\040\0001}{appendix.C}% 53
\BOOKMARK [2][-]{subsection.C.1.1}{\376\377\000S\000o\000u\000s\000\040\000s\000e\000c\000t\000i\000o\000n\000\040\0001}{section.C.1}% 54
\BOOKMARK [2][-]{subsection.C.1.2}{\376\377\000S\000o\000u\000s\000\040\000s\000e\000c\000t\000i\000o\000n\000\040\0002}{section.C.1}% 55
